{"name": "Проверка увеличения счетчика «Выполнено за всё время» при создании нового заказа", "status": "failed", "statusDetails": {"message": "AssertionError: assert 117460 > 117460", "trace": "self = <tests.test_order_feed_page.TestOrderFeedPage object at 0x1066efe50>, order_feed_page = <pages.order_feed_page.OrderFeedPage object at 0x1066477d0>\nmain_page = <pages.main_page.MainPage object at 0x107058e50>, authorization = <pages.main_page.MainPage object at 0x10663f350>\n\n    @allure.title(\"Проверка увеличения счетчика «Выполнено за всё время» при создании нового заказа\")\n    def test_counter_value_completed_for_all_time_increments(self, order_feed_page, main_page, authorization):\n        main_page.click_on_order_feed_button()\n        order_feed_page.wait_order_page_load()\n        counter_value_before = order_feed_page.get_counter_value_completed_for_all_time()\n        main_page.click_on_constructor_button()\n        main_page.drag_and_drop_ingredient_in_basket()\n        main_page.click_on_place_order_button()\n        main_page.click_on_cross_button_in_success_modal_window()\n        main_page.click_on_order_feed_button()\n        order_feed_page.wait_order_page_load()\n        counter_value_after = order_feed_page.get_counter_value_completed_for_all_time()\n    \n>       assert counter_value_after > counter_value_before\nE       assert 117460 > 117460\n\ntests/test_order_feed_page.py:39: AssertionError"}, "steps": [{"name": "Нажать на кнопку 'Лента заказов'", "status": "passed", "start": 1726004393155, "stop": 1726004393915}, {"name": "Дождаться загрузки страницы", "status": "passed", "start": 1726004393916, "stop": 1726004394432}, {"name": "Получить значение счетчика 'Выполнено за всё время'", "status": "passed", "start": 1726004394432, "stop": 1726004394456}, {"name": "Нажать на кнопку 'Конструктор'", "status": "passed", "start": 1726004394456, "stop": 1726004394716}, {"name": "Перетащить ингредиент в корзину", "status": "passed", "start": 1726004394716, "stop": 1726004395272}, {"name": "Клик на кнопку 'Оформить заказ'", "status": "passed", "start": 1726004395273, "stop": 1726004395507}, {"name": "Клик на кнопку закрытия модального окна оформленного заказа", "status": "passed", "start": 1726004395507, "stop": 1726004396061}, {"name": "Нажать на кнопку 'Лента заказов'", "status": "passed", "start": 1726004396061, "stop": 1726004396303}, {"name": "Дождаться загрузки страницы", "status": "passed", "start": 1726004396303, "stop": 1726004396829}, {"name": "Получить значение счетчика 'Выполнено за всё время'", "status": "passed", "start": 1726004396829, "stop": 1726004396857}], "attachments": [{"name": "log", "source": "cf482258-5f61-4599-958c-b28163993799-attachment.txt", "type": "text/plain"}], "parameters": [{"name": "driver", "value": "'firefox'"}], "start": 1726004393155, "stop": 1726004396858, "uuid": "df0f50b6-2fcc-42e1-a449-40d6e23da04b", "historyId": "d11599f91f3dbb8cedc9226513d8921d", "testCaseId": "d8d2f0ff4aacd5d04f6d0baded981e41", "fullName": "tests.test_order_feed_page.TestOrderFeedPage#test_counter_value_completed_for_all_time_increments", "labels": [{"name": "parentSuite", "value": "tests"}, {"name": "suite", "value": "test_order_feed_page"}, {"name": "subSuite", "value": "TestOrderFeedPage"}, {"name": "host", "value": "Elenas-MacBook-Air.local"}, {"name": "thread", "value": "80340-MainThread"}, {"name": "framework", "value": "pytest"}, {"name": "language", "value": "cpython3"}, {"name": "package", "value": "tests.test_order_feed_page"}]}