{"name": "Проверка увеличения счетчика «Выполнено за всё сегодня» при создании нового заказа", "status": "failed", "statusDetails": {"message": "AssertionError: assert 548 > 548", "trace": "self = <tests.test_order_feed_page.TestOrderFeedPage object at 0x1066f4c90>, order_feed_page = <pages.order_feed_page.OrderFeedPage object at 0x10663d610>\nmain_page = <pages.main_page.MainPage object at 0x107022fd0>, authorization = <pages.main_page.MainPage object at 0x107015610>\n\n    @allure.title(\"Проверка увеличения счетчика «Выполнено за всё сегодня» при создании нового заказа\")\n    def test_counter_value_completed_for_today_increments(self, order_feed_page, main_page, authorization):\n        main_page.click_on_order_feed_button()\n        order_feed_page.wait_order_page_load()\n        counter_value_before = order_feed_page.get_counter_value_completed_for_today()\n        main_page.click_on_constructor_button()\n        main_page.drag_and_drop_ingredient_in_basket()\n        main_page.click_on_place_order_button()\n        main_page.click_on_cross_button_in_success_modal_window()\n        main_page.click_on_order_feed_button()\n        order_feed_page.wait_order_page_load()\n        counter_value_after = order_feed_page.get_counter_value_completed_for_today()\n    \n>       assert counter_value_after > counter_value_before\nE       assert 548 > 548\n\ntests/test_order_feed_page.py:54: AssertionError"}, "steps": [{"name": "Нажать на кнопку 'Лента заказов'", "status": "passed", "start": 1726004411007, "stop": 1726004411775}, {"name": "Дождаться загрузки страницы", "status": "passed", "start": 1726004411776, "stop": 1726004412298}, {"name": "Получить значения счетчика 'Выполнено за сегодня'", "status": "passed", "start": 1726004412298, "stop": 1726004412322}, {"name": "Нажать на кнопку 'Конструктор'", "status": "passed", "start": 1726004412322, "stop": 1726004412587}, {"name": "Перетащить ингредиент в корзину", "status": "passed", "start": 1726004412587, "stop": 1726004413158}, {"name": "Клик на кнопку 'Оформить заказ'", "status": "passed", "start": 1726004413158, "stop": 1726004413392}, {"name": "Клик на кнопку закрытия модального окна оформленного заказа", "status": "passed", "start": 1726004413392, "stop": 1726004413942}, {"name": "Нажать на кнопку 'Лента заказов'", "status": "passed", "start": 1726004413943, "stop": 1726004414186}, {"name": "Дождаться загрузки страницы", "status": "passed", "start": 1726004414186, "stop": 1726004414706}, {"name": "Получить значения счетчика 'Выполнено за сегодня'", "status": "passed", "start": 1726004414706, "stop": 1726004414733}], "attachments": [{"name": "log", "source": "ea76901a-98d0-430d-bfe7-cdab8d8d9619-attachment.txt", "type": "text/plain"}], "parameters": [{"name": "driver", "value": "'firefox'"}], "start": 1726004411007, "stop": 1726004414734, "uuid": "0caca9d4-b2b4-46a7-a281-2650016884ab", "historyId": "d68162f9b82de79c1924e2aedd09dcb5", "testCaseId": "ee247822b38320ffb9c01bd83f71f08d", "fullName": "tests.test_order_feed_page.TestOrderFeedPage#test_counter_value_completed_for_today_increments", "labels": [{"name": "parentSuite", "value": "tests"}, {"name": "suite", "value": "test_order_feed_page"}, {"name": "subSuite", "value": "TestOrderFeedPage"}, {"name": "host", "value": "Elenas-MacBook-Air.local"}, {"name": "thread", "value": "80340-MainThread"}, {"name": "framework", "value": "pytest"}, {"name": "language", "value": "cpython3"}, {"name": "package", "value": "tests.test_order_feed_page"}]}